#
# There is insufficient memory for the Java Runtime Environment to continue.
# Native memory allocation (mmap) failed to map 532676608 bytes for G1 virtual space
# Possible reasons:
#   The system is out of physical RAM or swap space
#   The process is running with CompressedOops enabled, and the Java Heap may be blocking the growth of the native heap
# Possible solutions:
#   Reduce memory load on the system
#   Increase physical memory or swap space
#   Check if swap backing store is full
#   Decrease Java heap size (-Xmx/-Xms)
#   Decrease number of Java threads
#   Decrease Java thread stack sizes (-Xss)
#   Set larger code cache with -XX:ReservedCodeCacheSize=
#   JVM is running with Zero Based Compressed Oops mode in which the Java heap is
#     placed in the first 32GB address space. The Java Heap base address is the
#     maximum limit for the native heap growth. Please use -XX:HeapBaseMinAddress
#     to set the Java Heap base and to place the Java Heap above 32GB virtual address.
# This output file may be truncated or incomplete.
#
#  Out of Memory Error (os_windows.cpp:3613), pid=21924, tid=14360
#
# JRE version:  (17.0.10+7) (build )
# Java VM: OpenJDK 64-Bit Server VM (17.0.10+7-LTS, mixed mode, sharing, tiered, compressed oops, compressed class ptrs, g1 gc, windows-amd64)
# No core dump will be written. Minidumps are not enabled by default on client versions of Windows
#

---------------  S U M M A R Y ------------

Command Line: -Dmaven.multiModuleProjectDirectory=C:\Users\pradh\Documents\GitHub\SE452-EnterpriseAppDev\se452 org.apache.maven.wrapper.MavenWrapperMain spring-boot:run

Host: Intel(R) Core(TM) i7-9750H CPU @ 2.60GHz, 12 cores, 31G,  Windows 11 , 64 bit Build 22621 (10.0.22621.3527)
Time: Thu Jun  6 00:22:59 2024 Central Daylight Time elapsed time: 0.120399 seconds (0d 0h 0m 0s)

---------------  T H R E A D  ---------------

Current thread (0x0000017f037eeba0):  JavaThread "Unknown thread" [_thread_in_vm, id=14360, stack(0x0000001c5e200000,0x0000001c5e300000)]

Stack: [0x0000001c5e200000,0x0000001c5e300000]
Native frames: (J=compiled Java code, j=interpreted, Vv=VM code, C=native code)
V  [jvm.dll+0x67d2c9]
V  [jvm.dll+0x834b1a]
V  [jvm.dll+0x8365de]
V  [jvm.dll+0x836c43]
V  [jvm.dll+0x2477ff]
V  [jvm.dll+0x67a109]
V  [jvm.dll+0x66eb7a]
V  [jvm.dll+0x30764b]
V  [jvm.dll+0x30eaf6]
V  [jvm.dll+0x35e83e]
V  [jvm.dll+0x35ea6f]
V  [jvm.dll+0x2de248]
V  [jvm.dll+0x2df1b4]
V  [jvm.dll+0x806381]
V  [jvm.dll+0x36c6f1]
V  [jvm.dll+0x7e4e26]
V  [jvm.dll+0x3eff3f]
V  [jvm.dll+0x3f1b71]
C  [jli.dll+0x528f]
C  [ucrtbase.dll+0x29333]
C  [KERNEL32.DLL+0x1257d]
C  [ntdll.dll+0x5aa48]


---------------  P R O C E S S  ---------------

Threads class SMR info:
_java_thread_list=0x00007ff99b74ee98, length=0, elements={
}

Java Threads: ( => current thread )

Other Threads:
  0x0000017f03899ad0 GCTaskThread "GC Thread#0" [stack: 0x0000001c5e300000,0x0000001c5e400000] [id=57204]
  0x0000017f2d5dc8e0 ConcurrentGCThread "G1 Main Marker" [stack: 0x0000001c5e400000,0x0000001c5e500000] [id=2748]
  0x0000017f0389ea80 ConcurrentGCThread "G1 Conc#0" [stack: 0x0000001c5e500000,0x0000001c5e600000] [id=15008]

[error occurred during error reporting (printing all threads), id 0xc0000005, EXCEPTION_ACCESS_VIOLATION (0xc0000005) at pc=0x00007ff99af0ec87]

VM state: not at safepoint (not fully initialized)

VM Mutex/Monitor currently owned by a thread:  ([mutex/lock_event])
[0x0000017f037e91b0] Heap_lock - owner thread: 0x0000017f037eeba0

Heap address: 0x0000000604400000, size: 8124 MB, Compressed Oops mode: Zero based, Oop shift amount: 3

CDS archive(s) mapped at: [0x0000000000000000-0x0000000000000000-0x0000000000000000), size 0, SharedBaseAddress: 0x0000000800000000, ArchiveRelocationMode: 1.
Narrow klass base: 0x0000000000000000, Narrow klass shift: 0, Narrow klass range: 0x0

GC Precious Log:
<Empty>

Heap:
 garbage-first heap   total 0K, used 0K [0x0000000604400000, 0x0000000800000000)
  region size 4096K, 0 young (0K), 0 survivors (0K)

[error occurred during error reporting (printing heap information), id 0xc0000005, EXCEPTION_ACCESS_VIOLATION (0xc0000005) at pc=0x00007ff99b2f6fb9]

GC Heap History (0 events):
No events

Dll operation events (1 events):
Event: 0.048 Loaded shared library C:\Program Files\Amazon Corretto\jdk17.0.10_7\bin\java.dll

Deoptimization events (0 events):
No events

Classes unloaded (0 events):
No events

Classes redefined (0 events):
No events

Internal exceptions (0 events):
No events

VM Operations (0 events):
No events

Events (0 events):
No events


Dynamic libraries:
0x00007ff746b00000 - 0x00007ff746b0e000 	C:\Program Files\Amazon Corretto\jdk17.0.10_7\bin\java.exe
0x00007ffa21cb0000 - 0x00007ffa21ec7000 	C:\WINDOWS\SYSTEM32\ntdll.dll
0x00007ffa208e0000 - 0x00007ffa209a4000 	C:\WINDOWS\System32\KERNEL32.DLL
0x00007ffa1f140000 - 0x00007ffa1f4e7000 	C:\WINDOWS\System32\KERNELBASE.dll
0x00007ffa1f4f0000 - 0x00007ffa1f601000 	C:\WINDOWS\System32\ucrtbase.dll
0x00007ffa04ac0000 - 0x00007ffa04adb000 	C:\Program Files\Amazon Corretto\jdk17.0.10_7\bin\VCRUNTIME140.dll
0x00007ffa04a80000 - 0x00007ffa04a97000 	C:\Program Files\Amazon Corretto\jdk17.0.10_7\bin\jli.dll
0x00007ffa20f30000 - 0x00007ffa210de000 	C:\WINDOWS\System32\USER32.dll
0x00007ffa1f740000 - 0x00007ffa1f766000 	C:\WINDOWS\System32\win32u.dll
0x00007ffa053b0000 - 0x00007ffa05643000 	C:\WINDOWS\WinSxS\amd64_microsoft.windows.common-controls_6595b64144ccf1df_6.0.22621.3527_none_270e469b73872a76\COMCTL32.dll
0x00007ffa20f00000 - 0x00007ffa20f29000 	C:\WINDOWS\System32\GDI32.dll
0x00007ffa203b0000 - 0x00007ffa20457000 	C:\WINDOWS\System32\msvcrt.dll
0x00007ffa1f820000 - 0x00007ffa1f939000 	C:\WINDOWS\System32\gdi32full.dll
0x00007ffa1f940000 - 0x00007ffa1f9da000 	C:\WINDOWS\System32\msvcp_win.dll
0x00007ffa210e0000 - 0x00007ffa21111000 	C:\WINDOWS\System32\IMM32.DLL
0x00007ffa143a0000 - 0x00007ffa143ac000 	C:\Program Files\Amazon Corretto\jdk17.0.10_7\bin\vcruntime140_1.dll
0x00007ffa025e0000 - 0x00007ffa0266d000 	C:\Program Files\Amazon Corretto\jdk17.0.10_7\bin\msvcp140.dll
0x00007ff99ac20000 - 0x00007ff99b882000 	C:\Program Files\Amazon Corretto\jdk17.0.10_7\bin\server\jvm.dll
0x00007ffa20be0000 - 0x00007ffa20c92000 	C:\WINDOWS\System32\ADVAPI32.dll
0x00007ffa1fe90000 - 0x00007ffa1ff38000 	C:\WINDOWS\System32\sechost.dll
0x00007ffa1f7f0000 - 0x00007ffa1f818000 	C:\WINDOWS\System32\bcrypt.dll
0x00007ffa20020000 - 0x00007ffa20135000 	C:\WINDOWS\System32\RPCRT4.dll
0x00007ffa1de10000 - 0x00007ffa1de5d000 	C:\WINDOWS\SYSTEM32\POWRPROF.dll
0x00007ff9e8770000 - 0x00007ff9e8779000 	C:\WINDOWS\SYSTEM32\WSOCK32.dll
0x00007ffa16cf0000 - 0x00007ffa16d24000 	C:\WINDOWS\SYSTEM32\WINMM.dll
0x00007ffa20e80000 - 0x00007ffa20ef1000 	C:\WINDOWS\System32\WS2_32.dll
0x00007ffa0beb0000 - 0x00007ffa0beba000 	C:\WINDOWS\SYSTEM32\VERSION.dll
0x00007ffa1ddf0000 - 0x00007ffa1de03000 	C:\WINDOWS\SYSTEM32\UMPDC.dll
0x00007ffa1e0a0000 - 0x00007ffa1e0b8000 	C:\WINDOWS\SYSTEM32\kernel.appcore.dll
0x00007ffa0b0b0000 - 0x00007ffa0b0ba000 	C:\Program Files\Amazon Corretto\jdk17.0.10_7\bin\jimage.dll
0x00007ffa1c4c0000 - 0x00007ffa1c6f2000 	C:\WINDOWS\SYSTEM32\DBGHELP.DLL
0x00007ffa1fb00000 - 0x00007ffa1fe88000 	C:\WINDOWS\System32\combase.dll
0x00007ffa1ff40000 - 0x00007ffa20017000 	C:\WINDOWS\System32\OLEAUT32.dll
0x00007ffa07a90000 - 0x00007ffa07ac2000 	C:\WINDOWS\SYSTEM32\dbgcore.DLL
0x00007ffa1f770000 - 0x00007ffa1f7e9000 	C:\WINDOWS\System32\bcryptPrimitives.dll
0x00007ffa04500000 - 0x00007ffa04525000 	C:\Program Files\Amazon Corretto\jdk17.0.10_7\bin\java.dll

dbghelp: loaded successfully - version: 4.0.5 - missing functions: none
symbol engine: initialized successfully - sym options: 0x614 - pdb path: .;C:\Program Files\Amazon Corretto\jdk17.0.10_7\bin;C:\WINDOWS\SYSTEM32;C:\WINDOWS\WinSxS\amd64_microsoft.windows.common-controls_6595b64144ccf1df_6.0.22621.3527_none_270e469b73872a76;C:\Program Files\Amazon Corretto\jdk17.0.10_7\bin\server

VM Arguments:
jvm_args: -Dmaven.multiModuleProjectDirectory=C:\Users\pradh\Documents\GitHub\SE452-EnterpriseAppDev\se452 
java_command: org.apache.maven.wrapper.MavenWrapperMain spring-boot:run
java_class_path (initial): C:\Users\pradh\Documents\GitHub\SE452-EnterpriseAppDev\se452\.mvn\wrapper\maven-wrapper.jar
Launcher Type: SUN_STANDARD

[Global flags]
     intx CICompilerCount                          = 4                                         {product} {ergonomic}
     uint ConcGCThreads                            = 3                                         {product} {ergonomic}
     uint G1ConcRefinementThreads                  = 10                                        {product} {ergonomic}
   size_t G1HeapRegionSize                         = 4194304                                   {product} {ergonomic}
    uintx GCDrainStackTargetSize                   = 64                                        {product} {ergonomic}
   size_t InitialHeapSize                          = 532676608                                 {product} {ergonomic}
   size_t MarkStackSize                            = 4194304                                   {product} {ergonomic}
   size_t MaxHeapSize                              = 8518631424                                {product} {ergonomic}
   size_t MinHeapDeltaBytes                        = 4194304                                   {product} {ergonomic}
   size_t MinHeapSize                              = 8388608                                   {product} {ergonomic}
    uintx NonNMethodCodeHeapSize                   = 5839372                                {pd product} {ergonomic}
    uintx NonProfiledCodeHeapSize                  = 122909434                              {pd product} {ergonomic}
    uintx ProfiledCodeHeapSize                     = 122909434                              {pd product} {ergonomic}
    uintx ReservedCodeCacheSize                    = 251658240                              {pd product} {ergonomic}
     bool SegmentedCodeCache                       = true                                      {product} {ergonomic}
   size_t SoftMaxHeapSize                          = 8518631424                             {manageable} {ergonomic}
     bool UseCompressedClassPointers               = true                           {product lp64_product} {ergonomic}
     bool UseCompressedOops                        = true                           {product lp64_product} {ergonomic}
     bool UseG1GC                                  = true                                      {product} {ergonomic}
     bool UseLargePagesIndividualAllocation        = false                                  {pd product} {ergonomic}

Logging:
Log output configuration:
 #0: stdout all=warning uptime,level,tags
 #1: stderr all=off uptime,level,tags

Environment Variables:
JAVA_HOME=C:\Program Files\Amazon Corretto\jdk17.0.10_7
PATH=C:\Program Files\PowerShell\7;C:\Program Files\Microsoft SDKs\Azure\CLI2\wbin;C:\Program Files\Amazon Corretto\jdk17.0.10_7\bin;C:\app\pradh\product\21c\dbhomeXE\bin;C:\Program Files\Common Files\Oracle\Java\javapath;C:\Program Files\AdoptOpenJDK\jre-11.0.7.10-hotspot\bin;C:\Windows\system32;C:\Windows;C:\Windows\System32\Wbem;C:\Windows\System32\WindowsPowerShell\v1.0\;C:\Windows\System32\OpenSSH\;C:\Program Files (x86)\NVIDIA Corporation\PhysX\Common;C:\Program Files\NVIDIA Corporation\NVIDIA NvDLISR;C:\WINDOWS\system32;C:\WINDOWS;C:\WINDOWS\System32\Wbem;C:\WINDOWS\System32\WindowsPowerShell\v1.0\;C:\WINDOWS\System32\OpenSSH\;C:\ProgramData\chocolatey\bin;C:\Program Files\Microsoft VS Code\bin;C:\Program Files\Microsoft SQL Server\130\Tools\Binn\;C:\Program Files\dotnet\;C:\Program Files\Microsoft SQL Server\Client SDK\ODBC\170\Tools\Binn\;C:\Program Files\Git\cmd;C:\HashiCorp\Vagrant\bin;C:\Program Files\PowerShell\7\;C:\Program Files (x86)\Microsoft SQL Server\110\Tools\Binn\;C:\Program Files (x86)\Microsoft SQL Server\110\DTS\Binn\;C:\Program Files\PuTTY\;C:\Users\pradh\AppData\Roaming\nvm;C:\Program Files\nodejs;C:\Program Files\nodejs\;C:\Program Files\Maven\apache-maven-3.9.6\bin;C:\Program Files (x86)\Bitvise SSH Client;C:\Program Files (x86)\sbt\bin;C:\Program Files\Docker\Docker\resources\bin;C:\Program Files (x86)\Terraform\terraform_1.7.4_windows_amd64(1);C:\Users\pradh\AppData\Local\Programs\Python\Python312;C:\Users\pradh\AppData\Local\Programs\Python\Python312\Scripts\;C:\Users\pradh\AppData\Local\Programs\Python\Python312\;C:\Users\pradh\AppData\Local\Microsoft\WindowsApps;C:\Program Files\Oracle\VirtualBox;C:\Program Files (x86)\Nmap;C:\Users\pradh\.dotnet\tools;C:\msys64\mingw64\bin;C:\Users\pradh\AppData\Roaming\nvm;C:\Program Files\nodejs;C:\ProgramData\pradh\GitHubDesktop\bin;C:\Users\pradh\AppData\Local\GitHubDesktop\bin;C:\Users\pradh\AppData\Roaming\npm
USERNAME=pradh
LANG=en_US.UTF-8
OS=Windows_NT
PROCESSOR_IDENTIFIER=Intel64 Family 6 Model 158 Stepping 10, GenuineIntel
TMP=C:\Users\pradh\AppData\Local\Temp
TEMP=C:\Users\pradh\AppData\Local\Temp



Periodic native trim disabled


---------------  S Y S T E M  ---------------

OS:
 Windows 11 , 64 bit Build 22621 (10.0.22621.3527)
OS uptime: 18 days 8:16 hours
Hyper-V role detected

CPU: total 12 (initial active 12) (6 cores per cpu, 2 threads per core) family 6 model 158 stepping 10 microcode 0xf0, cx8, cmov, fxsr, ht, mmx, 3dnowpref, sse, sse2, sse3, ssse3, sse4.1, sse4.2, popcnt, lzcnt, tsc, tscinvbit, avx, avx2, aes, erms, clmul, bmi1, bmi2, adx, fma, vzeroupper, clflush, clflushopt, hv
Processor Information for processor 0
  Max Mhz: 2592, Current Mhz: 1495, Mhz Limit: 2592
Processor Information for processor 1
  Max Mhz: 2592, Current Mhz: 1495, Mhz Limit: 2592
Processor Information for processor 2
  Max Mhz: 2592, Current Mhz: 2592, Mhz Limit: 2592
Processor Information for processor 3
  Max Mhz: 2592, Current Mhz: 1495, Mhz Limit: 2592
Processor Information for processor 4
  Max Mhz: 2592, Current Mhz: 1495, Mhz Limit: 2592
Processor Information for processor 5
  Max Mhz: 2592, Current Mhz: 1495, Mhz Limit: 2592
Processor Information for processor 6
  Max Mhz: 2592, Current Mhz: 1495, Mhz Limit: 2592
Processor Information for processor 7
  Max Mhz: 2592, Current Mhz: 1495, Mhz Limit: 2592
Processor Information for processor 8
  Max Mhz: 2592, Current Mhz: 2592, Mhz Limit: 2592
Processor Information for processor 9
  Max Mhz: 2592, Current Mhz: 1495, Mhz Limit: 2592
Processor Information for processor 10
  Max Mhz: 2592, Current Mhz: 2592, Mhz Limit: 2592
Processor Information for processor 11
  Max Mhz: 2592, Current Mhz: 1495, Mhz Limit: 2592

Memory: 4k page, system-wide physical 32495M (8584M free)
TotalPageFile size 130674M (AvailPageFile size 350M)
current process WorkingSet (physical memory assigned to process): 11M, peak: 11M
current process commit charge ("private bytes"): 64M, peak: 572M

vm_info: OpenJDK 64-Bit Server VM (17.0.10+7-LTS) for windows-amd64 JRE (17.0.10+7-LTS), built on Jan 10 2024 22:11:07 by "Administrator" with MS VC++ 16.10 / 16.11 (VS2019)

END.
